The system is: Windows - 10.0.19043 - AMD64
Compiling the C compiler identification source file "CMakeCCompilerId.c" succeeded.
Compiler: C:/Visual Studio 2019/VC/Tools/MSVC/14.29.30133/bin/Hostx64/x64/cl.exe 
Build flags: 
Id flags:  

The output was:
0
Compilador de optimizaci贸n de C/C++ de Microsoft (R) versi贸n 19.29.30136 para x64
(C) Microsoft Corporation. Todos los derechos reservados.

CMakeCCompilerId.c
Microsoft (R) Incremental Linker Version 14.29.30136.0
Copyright (C) Microsoft Corporation.  All rights reserved.

/out:CMakeCCompilerId.exe 
CMakeCCompilerId.obj 


Compilation of the C compiler identification source "CMakeCCompilerId.c" produced "CMakeCCompilerId.exe"

Compilation of the C compiler identification source "CMakeCCompilerId.c" produced "CMakeCCompilerId.obj"

The C compiler identification is MSVC, found in "C:/Users/Asus/Desktop/Repositorio Grupo/Deber-grupo-1/I-PARCIAL/Tareas/suma de fracciones codigo/out/build/x64-Debug/CMakeFiles/3.20.21032501-MSVC_2/CompilerIdC/CMakeCCompilerId.exe"

Compiling the CXX compiler identification source file "CMakeCXXCompilerId.cpp" succeeded.
Compiler: C:/Visual Studio 2019/VC/Tools/MSVC/14.29.30133/bin/Hostx64/x64/cl.exe 
Build flags: 
Id flags:  

The output was:
0
Compilador de optimizaci贸n de C/C++ de Microsoft (R) versi贸n 19.29.30136 para x64
(C) Microsoft Corporation. Todos los derechos reservados.

CMakeCXXCompilerId.cpp
Microsoft (R) Incremental Linker Version 14.29.30136.0
Copyright (C) Microsoft Corporation.  All rights reserved.

/out:CMakeCXXCompilerId.exe 
CMakeCXXCompilerId.obj 


Compilation of the CXX compiler identification source "CMakeCXXCompilerId.cpp" produced "CMakeCXXCompilerId.exe"

Compilation of the CXX compiler identification source "CMakeCXXCompilerId.cpp" produced "CMakeCXXCompilerId.obj"

The CXX compiler identification is MSVC, found in "C:/Users/Asus/Desktop/Repositorio Grupo/Deber-grupo-1/I-PARCIAL/Tareas/suma de fracciones codigo/out/build/x64-Debug/CMakeFiles/3.20.21032501-MSVC_2/CompilerIdCXX/CMakeCXXCompilerId.exe"

Detecting C compiler ABI info compiled with the following output:
Change Dir: C:/Users/Asus/Desktop/Repositorio Grupo/Deber-grupo-1/I-PARCIAL/Tareas/suma de fracciones codigo/out/build/x64-Debug/CMakeFiles/CMakeTmp

Run Build Command(s):C:/Visual Studio 2019/Common7/IDE/CommonExtensions/Microsoft/CMake/Ninja/ninja.exe cmTC_7221d && [1/2] Building C object CMakeFiles\cmTC_7221d.dir\CMakeCCompilerABI.c.obj
[2/2] Linking C executable cmTC_7221d.exe



Detecting CXX compiler ABI info compiled with the following output:
Change Dir: C:/Users/Asus/Desktop/Repositorio Grupo/Deber-grupo-1/I-PARCIAL/Tareas/suma de fracciones codigo/out/build/x64-Debug/CMakeFiles/CMakeTmp

Run Build Command(s):C:/Visual Studio 2019/Common7/IDE/CommonExtensions/Microsoft/CMake/Ninja/ninja.exe cmTC_900c2 && [1/2] Building CXX object CMakeFiles\cmTC_900c2.dir\CMakeCXXCompilerABI.cpp.obj
[2/2] Linking CXX executable cmTC_900c2.exe



