  Matriz.cpp
D:\u\progra\Estructura_de_Datos\2\tareas\tarea_8Matrices\matrices 2\matrices 2\Matriz.cpp(29,31): warning C4244: 'argument': conversion from 'T' to 'size_t', possible loss of data
          with
          [
              T=float
          ]
D:\u\progra\Estructura_de_Datos\2\tareas\tarea_8Matrices\matrices 2\matrices 2\Matriz.cpp(28): message : while compiling class template member function 'void Matriz<float>::crearMatriz(void)'
D:\u\progra\Estructura_de_Datos\2\tareas\tarea_8Matrices\matrices 2\matrices 2\Matriz.cpp(112): message : see reference to class template instantiation 'Matriz<float>' being compiled
D:\u\progra\Estructura_de_Datos\2\tareas\tarea_8Matrices\matrices 2\matrices 2\Matriz.cpp(31,38): warning C4244: 'argument': conversion from 'T' to 'size_t', possible loss of data
          with
          [
              T=float
          ]
D:\u\progra\Estructura_de_Datos\2\tareas\tarea_8Matrices\matrices 2\matrices 2\Matriz.cpp(65,28): warning C4244: 'argument': conversion from 'T' to 'size_t', possible loss of data
          with
          [
              T=float
          ]
D:\u\progra\Estructura_de_Datos\2\tareas\tarea_8Matrices\matrices 2\matrices 2\Matriz.cpp(63): message : while compiling class template member function 'void Matriz<float>::multiplicarExponenteMatriz(T)'
          with
          [
              T=float
          ]
D:\u\progra\Estructura_de_Datos\2\tareas\tarea_8Matrices\matrices 2\matrices 2\Matriz.cpp(67,35): warning C4244: 'argument': conversion from 'T' to 'size_t', possible loss of data
          with
          [
              T=float
          ]
D:\u\progra\Estructura_de_Datos\2\tareas\tarea_8Matrices\matrices 2\matrices 2\Matriz.cpp(76,29): warning C4244: 'argument': conversion from 'T' to 'size_t', possible loss of data
          with
          [
              T=float
          ]
D:\u\progra\Estructura_de_Datos\2\tareas\tarea_8Matrices\matrices 2\matrices 2\Matriz.cpp(78,36): warning C4244: 'argument': conversion from 'T' to 'size_t', possible loss of data
          with
          [
              T=float
          ]
D:\u\progra\Estructura_de_Datos\2\tareas\tarea_8Matrices\matrices 2\matrices 2\Matriz.cpp(29,31): warning C4244: 'argument': conversion from 'T' to 'size_t', possible loss of data
          with
          [
              T=double
          ]
D:\u\progra\Estructura_de_Datos\2\tareas\tarea_8Matrices\matrices 2\matrices 2\Matriz.cpp(28): message : while compiling class template member function 'void Matriz<double>::crearMatriz(void)'
D:\u\progra\Estructura_de_Datos\2\tareas\tarea_8Matrices\matrices 2\matrices 2\Matriz.cpp(113): message : see reference to class template instantiation 'Matriz<double>' being compiled
D:\u\progra\Estructura_de_Datos\2\tareas\tarea_8Matrices\matrices 2\matrices 2\Matriz.cpp(31,38): warning C4244: 'argument': conversion from 'T' to 'size_t', possible loss of data
          with
          [
              T=double
          ]
D:\u\progra\Estructura_de_Datos\2\tareas\tarea_8Matrices\matrices 2\matrices 2\Matriz.cpp(65,28): warning C4244: 'argument': conversion from 'T' to 'size_t', possible loss of data
          with
          [
              T=double
          ]
D:\u\progra\Estructura_de_Datos\2\tareas\tarea_8Matrices\matrices 2\matrices 2\Matriz.cpp(63): message : while compiling class template member function 'void Matriz<double>::multiplicarExponenteMatriz(T)'
          with
          [
              T=double
          ]
D:\u\progra\Estructura_de_Datos\2\tareas\tarea_8Matrices\matrices 2\matrices 2\Matriz.cpp(67,35): warning C4244: 'argument': conversion from 'T' to 'size_t', possible loss of data
          with
          [
              T=double
          ]
D:\u\progra\Estructura_de_Datos\2\tareas\tarea_8Matrices\matrices 2\matrices 2\Matriz.cpp(76,29): warning C4244: 'argument': conversion from 'T' to 'size_t', possible loss of data
          with
          [
              T=double
          ]
D:\u\progra\Estructura_de_Datos\2\tareas\tarea_8Matrices\matrices 2\matrices 2\Matriz.cpp(78,36): warning C4244: 'argument': conversion from 'T' to 'size_t', possible loss of data
          with
          [
              T=double
          ]
  matrices 2.vcxproj -> D:\u\progra\Estructura_de_Datos\2\tareas\tarea_8Matrices\matrices 2\Debug\matrices 2.exe
