  Matriz.cpp
C:\Users\Asus\source\repos\MatrizTemplates\Matriz.cpp(50,22): warning C4244: 'argumento': conversión de 'T' a 'size_t'; posible pérdida de datos
          with
          [
              T=float
          ]
C:\Users\Asus\source\repos\MatrizTemplates\Matriz.cpp(49): message : al compilar la función del miembro clase plantilla "void Matriz<float>::segmentar(void)"
C:\Users\Asus\source\repos\MatrizTemplates\Matriz.cpp(124): message : Vea la referencia a la creación de una instancia de clase plantilla "Matriz<float>" que se está compilando
C:\Users\Asus\source\repos\MatrizTemplates\Matriz.cpp(52,29): warning C4244: 'argumento': conversión de 'T' a 'size_t'; posible pérdida de datos
          with
          [
              T=float
          ]
C:\Users\Asus\source\repos\MatrizTemplates\Matriz.cpp(50,22): warning C4244: 'argumento': conversión de 'T' a 'size_t'; posible pérdida de datos
          with
          [
              T=double
          ]
C:\Users\Asus\source\repos\MatrizTemplates\Matriz.cpp(49): message : al compilar la función del miembro clase plantilla "void Matriz<double>::segmentar(void)"
C:\Users\Asus\source\repos\MatrizTemplates\Matriz.cpp(125): message : Vea la referencia a la creación de una instancia de clase plantilla "Matriz<double>" que se está compilando
C:\Users\Asus\source\repos\MatrizTemplates\Matriz.cpp(52,29): warning C4244: 'argumento': conversión de 'T' a 'size_t'; posible pérdida de datos
          with
          [
              T=double
          ]
  MatrizTemplates.cpp
  Generando código...
  MatrizTemplates.vcxproj -> C:\Users\Asus\source\repos\MatrizTemplates\Debug\MatrizTemplates.exe
