  Administrador.cpp
C:\Users\Asrock\Desktop\proyecto\Nodo.h(13,11): error C2079: 'Nodo::profesor' uses undefined class 'Profesor'
C:\Users\Asrock\Desktop\proyecto\Validaciones.h(230,20): warning C4018: '<=': signed/unsigned mismatch
  Alumno.cpp
C:\Users\Asrock\Desktop\proyecto\Archivo.h(18,32): error C2061: syntax error: identifier 'ListaCircularDoble'
C:\Users\Asrock\Desktop\proyecto\Archivo.h(19,24): error C3646: 'leerArchivoAlumno': unknown override specifier
C:\Users\Asrock\Desktop\proyecto\Archivo.h(19,41): error C2059: syntax error: '('
C:\Users\Asrock\Desktop\proyecto\Archivo.h(19,61): error C2238: unexpected token(s) preceding ';'
C:\Users\Asrock\Desktop\proyecto\Archivo.h(20,34): error C2061: syntax error: identifier 'ListaCircularDoble'
C:\Users\Asrock\Desktop\proyecto\Archivo.h(21,24): error C3646: 'leerArchivoProfesor': unknown override specifier
C:\Users\Asrock\Desktop\proyecto\Archivo.h(21,43): error C2059: syntax error: '('
C:\Users\Asrock\Desktop\proyecto\Archivo.h(21,62): error C2238: unexpected token(s) preceding ';'
C:\Users\Asrock\Desktop\proyecto\Validaciones.h(230,20): warning C4018: '<=': signed/unsigned mismatch
  Archivo.cpp
C:\Users\Asrock\Desktop\proyecto\Archivo.h(18,32): error C2061: syntax error: identifier 'ListaCircularDoble'
C:\Users\Asrock\Desktop\proyecto\Archivo.h(19,24): error C3646: 'leerArchivoAlumno': unknown override specifier
C:\Users\Asrock\Desktop\proyecto\Archivo.h(19,41): error C2059: syntax error: '('
C:\Users\Asrock\Desktop\proyecto\Archivo.h(19,61): error C2238: unexpected token(s) preceding ';'
C:\Users\Asrock\Desktop\proyecto\Archivo.h(20,34): error C2061: syntax error: identifier 'ListaCircularDoble'
C:\Users\Asrock\Desktop\proyecto\Archivo.h(21,24): error C3646: 'leerArchivoProfesor': unknown override specifier
C:\Users\Asrock\Desktop\proyecto\Archivo.h(21,43): error C2059: syntax error: '('
C:\Users\Asrock\Desktop\proyecto\Archivo.h(21,62): error C2238: unexpected token(s) preceding ';'
C:\Users\Asrock\Desktop\proyecto\Validaciones.h(230,20): warning C4018: '<=': signed/unsigned mismatch
C:\Users\Asrock\Desktop\proyecto\Archivo.h(14,15): error C2011: 'Archivo': 'class' type redefinition
C:\Users\Asrock\Desktop\proyecto\Archivo.h(14): message : see declaration of 'Archivo'
C:\Users\Asrock\Desktop\proyecto\Archivo.cpp(16,10): error C2027: use of undefined type 'Archivo'
C:\Users\Asrock\Desktop\proyecto\Archivo.h(14): message : see declaration of 'Archivo'
C:\Users\Asrock\Desktop\proyecto\Archivo.cpp(17,1): error C4430: missing type specifier - int assumed. Note: C++ does not support default-int
C:\Users\Asrock\Desktop\proyecto\Archivo.cpp(18,1): warning C4508: '{ctor}': function should return a value; 'void' return type assumed
C:\Users\Asrock\Desktop\proyecto\Archivo.cpp(20,15): error C2027: use of undefined type 'Archivo'
C:\Users\Asrock\Desktop\proyecto\Archivo.h(14): message : see declaration of 'Archivo'
C:\Users\Asrock\Desktop\proyecto\Archivo.cpp(50,29): error C2027: use of undefined type 'Archivo'
C:\Users\Asrock\Desktop\proyecto\Archivo.h(14): message : see declaration of 'Archivo'
C:\Users\Asrock\Desktop\proyecto\Archivo.cpp(95,15): error C2027: use of undefined type 'Archivo'
C:\Users\Asrock\Desktop\proyecto\Archivo.h(14): message : see declaration of 'Archivo'
C:\Users\Asrock\Desktop\proyecto\Archivo.cpp(120,29): error C2027: use of undefined type 'Archivo'
C:\Users\Asrock\Desktop\proyecto\Archivo.h(14): message : see declaration of 'Archivo'
  Asignatura.cpp
C:\Users\Asrock\Desktop\proyecto\Nodo.h(13,11): error C2079: 'Nodo::profesor' uses undefined class 'Profesor'
C:\Users\Asrock\Desktop\proyecto\Validaciones.h(230,20): warning C4018: '<=': signed/unsigned mismatch
  ListaCircularDoble.cpp
C:\Users\Asrock\Desktop\proyecto\Archivo.h(18,32): error C2061: syntax error: identifier 'ListaCircularDoble'
C:\Users\Asrock\Desktop\proyecto\Archivo.h(19,24): error C3646: 'leerArchivoAlumno': unknown override specifier
C:\Users\Asrock\Desktop\proyecto\Archivo.h(19,41): error C2059: syntax error: '('
C:\Users\Asrock\Desktop\proyecto\Archivo.h(19,61): error C2238: unexpected token(s) preceding ';'
C:\Users\Asrock\Desktop\proyecto\Archivo.h(20,34): error C2061: syntax error: identifier 'ListaCircularDoble'
C:\Users\Asrock\Desktop\proyecto\Archivo.h(21,24): error C3646: 'leerArchivoProfesor': unknown override specifier
C:\Users\Asrock\Desktop\proyecto\Archivo.h(21,43): error C2059: syntax error: '('
C:\Users\Asrock\Desktop\proyecto\Archivo.h(21,62): error C2238: unexpected token(s) preceding ';'
C:\Users\Asrock\Desktop\proyecto\Validaciones.h(230,20): warning C4018: '<=': signed/unsigned mismatch
  Login.cpp
C:\Users\Asrock\Desktop\proyecto\Nodo.h(13,11): error C2079: 'Nodo::profesor' uses undefined class 'Profesor'
C:\Users\Asrock\Desktop\proyecto\Validaciones.h(230,20): warning C4018: '<=': signed/unsigned mismatch
C:\Users\Asrock\Desktop\proyecto\Login.cpp(79,27): warning C4018: '<': signed/unsigned mismatch
  MainProyecto.cpp
C:\Users\Asrock\Desktop\proyecto\Archivo.h(18,32): error C2061: syntax error: identifier 'ListaCircularDoble'
C:\Users\Asrock\Desktop\proyecto\Archivo.h(19,24): error C3646: 'leerArchivoAlumno': unknown override specifier
C:\Users\Asrock\Desktop\proyecto\Archivo.h(19,41): error C2059: syntax error: '('
C:\Users\Asrock\Desktop\proyecto\Archivo.h(19,61): error C2238: unexpected token(s) preceding ';'
C:\Users\Asrock\Desktop\proyecto\Archivo.h(20,34): error C2061: syntax error: identifier 'ListaCircularDoble'
C:\Users\Asrock\Desktop\proyecto\Archivo.h(21,24): error C3646: 'leerArchivoProfesor': unknown override specifier
C:\Users\Asrock\Desktop\proyecto\Archivo.h(21,43): error C2059: syntax error: '('
C:\Users\Asrock\Desktop\proyecto\Archivo.h(21,62): error C2238: unexpected token(s) preceding ';'
C:\Users\Asrock\Desktop\proyecto\Validaciones.h(230,20): warning C4018: '<=': signed/unsigned mismatch
C:\Users\Asrock\Desktop\proyecto\Archivo.h(14,15): error C2011: 'Archivo': 'class' type redefinition
C:\Users\Asrock\Desktop\proyecto\Archivo.h(14): message : see declaration of 'Archivo'
C:\Users\Asrock\Desktop\proyecto\MainProyecto.cpp(31,10): error C2079: 'archivo' uses undefined class 'Archivo'
  Nodo.cpp
C:\Users\Asrock\Desktop\proyecto\Validaciones.h(230,20): warning C4018: '<=': signed/unsigned mismatch
C:\Users\Asrock\Desktop\proyecto\ListaCircularDoble.h(11,6): error C2143: syntax error: missing ';' before '*'
C:\Users\Asrock\Desktop\proyecto\ListaCircularDoble.h(11,6): error C4430: missing type specifier - int assumed. Note: C++ does not support default-int
C:\Users\Asrock\Desktop\proyecto\ListaCircularDoble.h(11,15): error C2238: unexpected token(s) preceding ';'
C:\Users\Asrock\Desktop\proyecto\ListaCircularDoble.h(12,6): error C2143: syntax error: missing ';' before '*'
C:\Users\Asrock\Desktop\proyecto\ListaCircularDoble.h(12,6): error C4430: missing type specifier - int assumed. Note: C++ does not support default-int
C:\Users\Asrock\Desktop\proyecto\ListaCircularDoble.h(12,14): error C2238: unexpected token(s) preceding ';'
  Profesor.cpp
C:\Users\Asrock\Desktop\proyecto\Nodo.h(13,11): error C2079: 'Nodo::profesor' uses undefined class 'Profesor'
C:\Users\Asrock\Desktop\proyecto\Validaciones.h(230,20): warning C4018: '<=': signed/unsigned mismatch
  Generating Code...
